-- The C compiler identification is GNU 11.4.0
-- The CXX compiler identification is GNU 11.4.0
-- Detecting C compiler ABI info
-- Detecting C compiler ABI info - done
-- Check for working C compiler: /usr/bin/cc - skipped
-- Detecting C compile features
-- Detecting C compile features - done
-- Detecting CXX compiler ABI info
-- Detecting CXX compiler ABI info - done
-- Check for working CXX compiler: /usr/bin/c++ - skipped
-- Detecting CXX compile features
-- Detecting CXX compile features - done
-- Found ament_cmake: 1.3.10 (/opt/ros/humble/share/ament_cmake/cmake)
-- Found Python3: /home/apoorv/miniconda3/envs/slam_env/bin/python3 (found version "3.11.6") found components: Interpreter 
-- Found rclcpp: 16.0.10 (/opt/ros/humble/share/rclcpp/cmake)
-- Found rosidl_generator_c: 3.1.5 (/opt/ros/humble/share/rosidl_generator_c/cmake)
-- Found rosidl_adapter: 3.1.5 (/opt/ros/humble/share/rosidl_adapter/cmake)
-- Found rosidl_generator_cpp: 3.1.5 (/opt/ros/humble/share/rosidl_generator_cpp/cmake)
-- Using all available rosidl_typesupport_c: rosidl_typesupport_fastrtps_c;rosidl_typesupport_introspection_c
-- Using all available rosidl_typesupport_cpp: rosidl_typesupport_fastrtps_cpp;rosidl_typesupport_introspection_cpp
-- Found rmw_implementation_cmake: 6.1.2 (/opt/ros/humble/share/rmw_implementation_cmake/cmake)
-- Found rmw_fastrtps_cpp: 6.2.7 (/opt/ros/humble/share/rmw_fastrtps_cpp/cmake)
-- Found OpenSSL: /usr/lib/x86_64-linux-gnu/libcrypto.so (found version "3.0.2")  
-- Found FastRTPS: /opt/ros/humble/include  
-- Using RMW implementation 'rmw_fastrtps_cpp' as default
-- Looking for pthread.h
-- Looking for pthread.h - found
-- Performing Test CMAKE_HAVE_LIBC_PTHREAD
-- Performing Test CMAKE_HAVE_LIBC_PTHREAD - Success
-- Found Threads: TRUE  
-- Found rosidl_default_generators: 1.2.0 (/opt/ros/humble/share/rosidl_default_generators/cmake)
-- Found ament_cmake_ros: 0.10.0 (/opt/ros/humble/share/ament_cmake_ros/cmake)
-- Using all available rosidl_typesupport_c: rosidl_typesupport_fastrtps_c;rosidl_typesupport_introspection_c
-- Using all available rosidl_typesupport_cpp: rosidl_typesupport_fastrtps_cpp;rosidl_typesupport_introspection_cpp
-- Found PythonInterp: /home/apoorv/miniconda3/envs/slam_env/bin/python3 (found suitable version "3.11.6", minimum required is "3.6") 
-- Found python_cmake_module: 0.10.0 (/opt/ros/humble/share/python_cmake_module/cmake)
-- Found PythonLibs: /home/apoorv/miniconda3/envs/slam_env/lib/libpython3.11.so (found suitable version "3.11.6", minimum required is "3.5") 
-- Using PYTHON_EXECUTABLE: /home/apoorv/miniconda3/envs/slam_env/bin/python3
-- Using PYTHON_INCLUDE_DIRS: /home/apoorv/miniconda3/envs/slam_env/include/python3.11
-- Using PYTHON_LIBRARIES: /home/apoorv/miniconda3/envs/slam_env/lib/libpython3.11.so
-- Found PythonExtra: .so  
-- Using numpy include directory: /home/apoorv/miniconda3/envs/slam_env/lib/python3.11/site-packages/numpy/_core/include
-- Found ament_lint_auto: 0.12.11 (/opt/ros/humble/share/ament_lint_auto/cmake)
-- Added test 'cppcheck' to perform static code analysis on C / C++ code
-- Configured cppcheck include dirs: $<BUILD_INTERFACE:/home/apoorv/my_beginner_tutorials/src/beginner_tutorials/build/beginner_tutorials/rosidl_generator_c>;$<BUILD_INTERFACE:/home/apoorv/my_beginner_tutorials/src/beginner_tutorials/build/beginner_tutorials/rosidl_typesupport_fastrtps_c>;$<BUILD_INTERFACE:/home/apoorv/my_beginner_tutorials/src/beginner_tutorials/build/beginner_tutorials/rosidl_generator_cpp>;$<BUILD_INTERFACE:/home/apoorv/my_beginner_tutorials/src/beginner_tutorials/build/beginner_tutorials/rosidl_typesupport_fastrtps_cpp>;$<BUILD_INTERFACE:/home/apoorv/my_beginner_tutorials/src/beginner_tutorials/build/beginner_tutorials/rosidl_typesupport_introspection_c>;$<BUILD_INTERFACE:/home/apoorv/my_beginner_tutorials/src/beginner_tutorials/build/beginner_tutorials/rosidl_typesupport_introspection_cpp>;/home/apoorv/my_beginner_tutorials/src/beginner_tutorials/build/beginner_tutorials/rosidl_generator_c;/home/apoorv/my_beginner_tutorials/src/beginner_tutorials/build/beginner_tutorials/rosidl_generator_py
-- Configured cppcheck exclude dirs and/or files: 
-- Added test 'flake8' to check Python code syntax and style conventions
-- Added test 'lint_cmake' to check CMake code style
-- Added test 'pep257' to check Python code against some of the docstring style conventions in PEP 257
-- Added test 'uncrustify' to check C / C++ code style
-- Configured uncrustify additional arguments: 
-- Added test 'xmllint' to check XML markup files
-- Configuring done
-- Generating done
-- Build files have been written to: /home/apoorv/my_beginner_tutorials/src/beginner_tutorials/build/beginner_tutorials
[  2%] [34m[1mGenerating C code for ROS interfaces[0m
[  5%] [34m[1mGenerating C++ code for ROS interfaces[0m
[  5%] Built target ament_cmake_python_copy_beginner_tutorials
[  5%] Built target beginner_tutorials__cpp
[  8%] [34m[1mGenerating C++ type support dispatch for ROS interfaces[0m
[ 11%] [34m[1mGenerating C++ type support for eProsima Fast-RTPS[0m
[ 14%] [34m[1mGenerating C++ introspection for ROS interfaces[0m
running egg_info
creating beginner_tutorials.egg-info
writing beginner_tutorials.egg-info/PKG-INFO
writing dependency_links to beginner_tutorials.egg-info/dependency_links.txt
writing top-level names to beginner_tutorials.egg-info/top_level.txt
writing manifest file 'beginner_tutorials.egg-info/SOURCES.txt'
[ 17%] [32mBuilding C object CMakeFiles/beginner_tutorials__rosidl_generator_c.dir/rosidl_generator_c/beginner_tutorials/srv/detail/change_output_string__functions.c.o[0m
reading manifest file 'beginner_tutorials.egg-info/SOURCES.txt'
writing manifest file 'beginner_tutorials.egg-info/SOURCES.txt'
[ 17%] Built target ament_cmake_python_build_beginner_tutorials_egg
[ 20%] [32m[1mLinking C shared library libbeginner_tutorials__rosidl_generator_c.so[0m
[ 20%] Built target beginner_tutorials__rosidl_generator_c
[ 22%] [34m[1mGenerating C type support for eProsima Fast-RTPS[0m
[ 25%] [34m[1mGenerating C introspection for ROS interfaces[0m
[ 28%] [34m[1mGenerating C type support dispatch for ROS interfaces[0m
[ 31%] [32mBuilding CXX object CMakeFiles/beginner_tutorials__rosidl_typesupport_cpp.dir/rosidl_typesupport_cpp/beginner_tutorials/srv/change_output_string__type_support.cpp.o[0m
[ 34%] [32mBuilding CXX object CMakeFiles/beginner_tutorials__rosidl_typesupport_fastrtps_cpp.dir/rosidl_typesupport_fastrtps_cpp/beginner_tutorials/srv/detail/dds_fastrtps/change_output_string__type_support.cpp.o[0m
[ 37%] [32mBuilding CXX object CMakeFiles/beginner_tutorials__rosidl_typesupport_introspection_cpp.dir/rosidl_typesupport_introspection_cpp/beginner_tutorials/srv/detail/change_output_string__type_support.cpp.o[0m
[ 40%] [32mBuilding CXX object CMakeFiles/beginner_tutorials__rosidl_typesupport_c.dir/rosidl_typesupport_c/beginner_tutorials/srv/change_output_string__type_support.cpp.o[0m
[ 42%] [32mBuilding CXX object CMakeFiles/beginner_tutorials__rosidl_typesupport_fastrtps_c.dir/rosidl_typesupport_fastrtps_c/beginner_tutorials/srv/detail/change_output_string__type_support_c.cpp.o[0m
[ 45%] [32m[1mLinking CXX shared library libbeginner_tutorials__rosidl_typesupport_c.so[0m
[ 48%] [32mBuilding C object CMakeFiles/beginner_tutorials__rosidl_typesupport_introspection_c.dir/rosidl_typesupport_introspection_c/beginner_tutorials/srv/detail/change_output_string__type_support.c.o[0m
[ 51%] [32m[1mLinking CXX shared library libbeginner_tutorials__rosidl_typesupport_cpp.so[0m
[ 54%] [32m[1mLinking C shared library libbeginner_tutorials__rosidl_typesupport_introspection_c.so[0m
[ 54%] Built target beginner_tutorials__rosidl_typesupport_c
[ 54%] Built target beginner_tutorials__rosidl_typesupport_cpp
[ 54%] Built target beginner_tutorials__rosidl_typesupport_introspection_c
[ 60%] [32mBuilding CXX object CMakeFiles/talker.dir/src/publisher_function.cpp.o[0m
[ 60%] [32mBuilding CXX object CMakeFiles/listener.dir/src/subscriber_function.cpp.o[0m
[ 62%] [32m[1mLinking CXX shared library libbeginner_tutorials__rosidl_typesupport_introspection_cpp.so[0m
[ 65%] [32m[1mLinking CXX shared library libbeginner_tutorials__rosidl_typesupport_fastrtps_cpp.so[0m
[ 65%] Built target beginner_tutorials__rosidl_typesupport_introspection_cpp
[ 68%] [32m[1mLinking CXX shared library libbeginner_tutorials__rosidl_typesupport_fastrtps_c.so[0m
[ 68%] Built target beginner_tutorials__rosidl_typesupport_fastrtps_cpp
[ 68%] Built target beginner_tutorials__rosidl_typesupport_fastrtps_c
[ 68%] Built target beginner_tutorials
[ 71%] [34m[1mGenerating Python code for ROS interfaces[0m
[ 71%] Built target beginner_tutorials__py
[ 74%] [32mBuilding C object CMakeFiles/beginner_tutorials__rosidl_generator_py.dir/rosidl_generator_py/beginner_tutorials/srv/_change_output_string_s.c.o[0m
[ 77%] [32m[1mLinking C shared library rosidl_generator_py/beginner_tutorials/libbeginner_tutorials__rosidl_generator_py.so[0m
[ 77%] Built target beginner_tutorials__rosidl_generator_py
[ 80%] [32mBuilding C object CMakeFiles/beginner_tutorials__rosidl_typesupport_introspection_c__pyext.dir/rosidl_generator_py/beginner_tutorials/_beginner_tutorials_s.ep.rosidl_typesupport_introspection_c.c.o[0m
[ 82%] [32mBuilding C object CMakeFiles/beginner_tutorials__rosidl_typesupport_c__pyext.dir/rosidl_generator_py/beginner_tutorials/_beginner_tutorials_s.ep.rosidl_typesupport_c.c.o[0m
[ 85%] [32mBuilding C object CMakeFiles/beginner_tutorials__rosidl_typesupport_fastrtps_c__pyext.dir/rosidl_generator_py/beginner_tutorials/_beginner_tutorials_s.ep.rosidl_typesupport_fastrtps_c.c.o[0m
[ 88%] [32m[1mLinking C shared library rosidl_generator_py/beginner_tutorials/beginner_tutorials_s__rosidl_typesupport_c.cpython-311-x86_64-linux-gnu.so[0m
[ 91%] [32m[1mLinking C shared library rosidl_generator_py/beginner_tutorials/beginner_tutorials_s__rosidl_typesupport_fastrtps_c.cpython-311-x86_64-linux-gnu.so[0m
[ 94%] [32m[1mLinking C shared library rosidl_generator_py/beginner_tutorials/beginner_tutorials_s__rosidl_typesupport_introspection_c.cpython-311-x86_64-linux-gnu.so[0m
[ 94%] Built target beginner_tutorials__rosidl_typesupport_fastrtps_c__pyext
[ 94%] Built target beginner_tutorials__rosidl_typesupport_c__pyext
[ 94%] Built target beginner_tutorials__rosidl_typesupport_introspection_c__pyext
[ 97%] [32m[1mLinking CXX executable talker[0m
[ 97%] Built target talker
[100%] [32m[1mLinking CXX executable listener[0m
[100%] Built target listener
-- Install configuration: ""
-- Installing: /home/apoorv/my_beginner_tutorials/src/beginner_tutorials/install/beginner_tutorials/share/ament_index/resource_index/rosidl_interfaces/beginner_tutorials
-- Installing: /home/apoorv/my_beginner_tutorials/src/beginner_tutorials/install/beginner_tutorials/include/beginner_tutorials/beginner_tutorials
-- Installing: /home/apoorv/my_beginner_tutorials/src/beginner_tutorials/install/beginner_tutorials/include/beginner_tutorials/beginner_tutorials/msg
-- Installing: /home/apoorv/my_beginner_tutorials/src/beginner_tutorials/install/beginner_tutorials/include/beginner_tutorials/beginner_tutorials/msg/rosidl_generator_c__visibility_control.h
-- Installing: /home/apoorv/my_beginner_tutorials/src/beginner_tutorials/install/beginner_tutorials/include/beginner_tutorials/beginner_tutorials/srv
-- Installing: /home/apoorv/my_beginner_tutorials/src/beginner_tutorials/install/beginner_tutorials/include/beginner_tutorials/beginner_tutorials/srv/change_output_string.h
-- Installing: /home/apoorv/my_beginner_tutorials/src/beginner_tutorials/install/beginner_tutorials/include/beginner_tutorials/beginner_tutorials/srv/detail
-- Installing: /home/apoorv/my_beginner_tutorials/src/beginner_tutorials/install/beginner_tutorials/include/beginner_tutorials/beginner_tutorials/srv/detail/change_output_string__type_support.h
-- Installing: /home/apoorv/my_beginner_tutorials/src/beginner_tutorials/install/beginner_tutorials/include/beginner_tutorials/beginner_tutorials/srv/detail/change_output_string__functions.c
-- Installing: /home/apoorv/my_beginner_tutorials/src/beginner_tutorials/install/beginner_tutorials/include/beginner_tutorials/beginner_tutorials/srv/detail/change_output_string__struct.h
-- Installing: /home/apoorv/my_beginner_tutorials/src/beginner_tutorials/install/beginner_tutorials/include/beginner_tutorials/beginner_tutorials/srv/detail/change_output_string__functions.h
-- Installing: /home/apoorv/my_beginner_tutorials/src/beginner_tutorials/install/beginner_tutorials/share/beginner_tutorials/environment/library_path.sh
-- Installing: /home/apoorv/my_beginner_tutorials/src/beginner_tutorials/install/beginner_tutorials/share/beginner_tutorials/environment/library_path.dsv
-- Installing: /home/apoorv/my_beginner_tutorials/src/beginner_tutorials/install/beginner_tutorials/lib/libbeginner_tutorials__rosidl_generator_c.so
-- Set runtime path of "/home/apoorv/my_beginner_tutorials/src/beginner_tutorials/install/beginner_tutorials/lib/libbeginner_tutorials__rosidl_generator_c.so" to ""
-- Up-to-date: /home/apoorv/my_beginner_tutorials/src/beginner_tutorials/install/beginner_tutorials/include/beginner_tutorials/beginner_tutorials
-- Up-to-date: /home/apoorv/my_beginner_tutorials/src/beginner_tutorials/install/beginner_tutorials/include/beginner_tutorials/beginner_tutorials/msg
-- Installing: /home/apoorv/my_beginner_tutorials/src/beginner_tutorials/install/beginner_tutorials/include/beginner_tutorials/beginner_tutorials/msg/rosidl_typesupport_fastrtps_c__visibility_control.h
-- Up-to-date: /home/apoorv/my_beginner_tutorials/src/beginner_tutorials/install/beginner_tutorials/include/beginner_tutorials/beginner_tutorials/srv
-- Up-to-date: /home/apoorv/my_beginner_tutorials/src/beginner_tutorials/install/beginner_tutorials/include/beginner_tutorials/beginner_tutorials/srv/detail
-- Installing: /home/apoorv/my_beginner_tutorials/src/beginner_tutorials/install/beginner_tutorials/include/beginner_tutorials/beginner_tutorials/srv/detail/change_output_string__rosidl_typesupport_fastrtps_c.h
-- Installing: /home/apoorv/my_beginner_tutorials/src/beginner_tutorials/install/beginner_tutorials/lib/libbeginner_tutorials__rosidl_typesupport_fastrtps_c.so
-- Set runtime path of "/home/apoorv/my_beginner_tutorials/src/beginner_tutorials/install/beginner_tutorials/lib/libbeginner_tutorials__rosidl_typesupport_fastrtps_c.so" to ""
-- Up-to-date: /home/apoorv/my_beginner_tutorials/src/beginner_tutorials/install/beginner_tutorials/include/beginner_tutorials/beginner_tutorials
-- Up-to-date: /home/apoorv/my_beginner_tutorials/src/beginner_tutorials/install/beginner_tutorials/include/beginner_tutorials/beginner_tutorials/srv
-- Installing: /home/apoorv/my_beginner_tutorials/src/beginner_tutorials/install/beginner_tutorials/include/beginner_tutorials/beginner_tutorials/srv/change_output_string.hpp
-- Up-to-date: /home/apoorv/my_beginner_tutorials/src/beginner_tutorials/install/beginner_tutorials/include/beginner_tutorials/beginner_tutorials/srv/detail
-- Installing: /home/apoorv/my_beginner_tutorials/src/beginner_tutorials/install/beginner_tutorials/include/beginner_tutorials/beginner_tutorials/srv/detail/change_output_string__traits.hpp
-- Installing: /home/apoorv/my_beginner_tutorials/src/beginner_tutorials/install/beginner_tutorials/include/beginner_tutorials/beginner_tutorials/srv/detail/change_output_string__builder.hpp
-- Installing: /home/apoorv/my_beginner_tutorials/src/beginner_tutorials/install/beginner_tutorials/include/beginner_tutorials/beginner_tutorials/srv/detail/change_output_string__struct.hpp
-- Up-to-date: /home/apoorv/my_beginner_tutorials/src/beginner_tutorials/install/beginner_tutorials/include/beginner_tutorials/beginner_tutorials
-- Up-to-date: /home/apoorv/my_beginner_tutorials/src/beginner_tutorials/install/beginner_tutorials/include/beginner_tutorials/beginner_tutorials/msg
-- Installing: /home/apoorv/my_beginner_tutorials/src/beginner_tutorials/install/beginner_tutorials/include/beginner_tutorials/beginner_tutorials/msg/rosidl_typesupport_fastrtps_cpp__visibility_control.h
-- Up-to-date: /home/apoorv/my_beginner_tutorials/src/beginner_tutorials/install/beginner_tutorials/include/beginner_tutorials/beginner_tutorials/srv
-- Up-to-date: /home/apoorv/my_beginner_tutorials/src/beginner_tutorials/install/beginner_tutorials/include/beginner_tutorials/beginner_tutorials/srv/detail
-- Installing: /home/apoorv/my_beginner_tutorials/src/beginner_tutorials/install/beginner_tutorials/include/beginner_tutorials/beginner_tutorials/srv/detail/change_output_string__rosidl_typesupport_fastrtps_cpp.hpp
-- Installing: /home/apoorv/my_beginner_tutorials/src/beginner_tutorials/install/beginner_tutorials/include/beginner_tutorials/beginner_tutorials/srv/detail/dds_fastrtps
-- Installing: /home/apoorv/my_beginner_tutorials/src/beginner_tutorials/install/beginner_tutorials/lib/libbeginner_tutorials__rosidl_typesupport_fastrtps_cpp.so
-- Set runtime path of "/home/apoorv/my_beginner_tutorials/src/beginner_tutorials/install/beginner_tutorials/lib/libbeginner_tutorials__rosidl_typesupport_fastrtps_cpp.so" to ""
-- Up-to-date: /home/apoorv/my_beginner_tutorials/src/beginner_tutorials/install/beginner_tutorials/include/beginner_tutorials/beginner_tutorials
-- Up-to-date: /home/apoorv/my_beginner_tutorials/src/beginner_tutorials/install/beginner_tutorials/include/beginner_tutorials/beginner_tutorials/msg
-- Installing: /home/apoorv/my_beginner_tutorials/src/beginner_tutorials/install/beginner_tutorials/include/beginner_tutorials/beginner_tutorials/msg/rosidl_typesupport_introspection_c__visibility_control.h
-- Up-to-date: /home/apoorv/my_beginner_tutorials/src/beginner_tutorials/install/beginner_tutorials/include/beginner_tutorials/beginner_tutorials/srv
-- Up-to-date: /home/apoorv/my_beginner_tutorials/src/beginner_tutorials/install/beginner_tutorials/include/beginner_tutorials/beginner_tutorials/srv/detail
-- Installing: /home/apoorv/my_beginner_tutorials/src/beginner_tutorials/install/beginner_tutorials/include/beginner_tutorials/beginner_tutorials/srv/detail/change_output_string__type_support.c
-- Installing: /home/apoorv/my_beginner_tutorials/src/beginner_tutorials/install/beginner_tutorials/include/beginner_tutorials/beginner_tutorials/srv/detail/change_output_string__rosidl_typesupport_introspection_c.h
-- Installing: /home/apoorv/my_beginner_tutorials/src/beginner_tutorials/install/beginner_tutorials/lib/libbeginner_tutorials__rosidl_typesupport_introspection_c.so
-- Set runtime path of "/home/apoorv/my_beginner_tutorials/src/beginner_tutorials/install/beginner_tutorials/lib/libbeginner_tutorials__rosidl_typesupport_introspection_c.so" to ""
-- Installing: /home/apoorv/my_beginner_tutorials/src/beginner_tutorials/install/beginner_tutorials/lib/libbeginner_tutorials__rosidl_typesupport_c.so
-- Set runtime path of "/home/apoorv/my_beginner_tutorials/src/beginner_tutorials/install/beginner_tutorials/lib/libbeginner_tutorials__rosidl_typesupport_c.so" to ""
-- Up-to-date: /home/apoorv/my_beginner_tutorials/src/beginner_tutorials/install/beginner_tutorials/include/beginner_tutorials/beginner_tutorials
-- Up-to-date: /home/apoorv/my_beginner_tutorials/src/beginner_tutorials/install/beginner_tutorials/include/beginner_tutorials/beginner_tutorials/srv
-- Up-to-date: /home/apoorv/my_beginner_tutorials/src/beginner_tutorials/install/beginner_tutorials/include/beginner_tutorials/beginner_tutorials/srv/detail
-- Installing: /home/apoorv/my_beginner_tutorials/src/beginner_tutorials/install/beginner_tutorials/include/beginner_tutorials/beginner_tutorials/srv/detail/change_output_string__rosidl_typesupport_introspection_cpp.hpp
-- Installing: /home/apoorv/my_beginner_tutorials/src/beginner_tutorials/install/beginner_tutorials/include/beginner_tutorials/beginner_tutorials/srv/detail/change_output_string__type_support.cpp
-- Installing: /home/apoorv/my_beginner_tutorials/src/beginner_tutorials/install/beginner_tutorials/lib/libbeginner_tutorials__rosidl_typesupport_introspection_cpp.so
-- Set runtime path of "/home/apoorv/my_beginner_tutorials/src/beginner_tutorials/install/beginner_tutorials/lib/libbeginner_tutorials__rosidl_typesupport_introspection_cpp.so" to ""
-- Installing: /home/apoorv/my_beginner_tutorials/src/beginner_tutorials/install/beginner_tutorials/lib/libbeginner_tutorials__rosidl_typesupport_cpp.so
-- Set runtime path of "/home/apoorv/my_beginner_tutorials/src/beginner_tutorials/install/beginner_tutorials/lib/libbeginner_tutorials__rosidl_typesupport_cpp.so" to ""
-- Installing: /home/apoorv/my_beginner_tutorials/src/beginner_tutorials/install/beginner_tutorials/share/beginner_tutorials/environment/pythonpath.sh
-- Installing: /home/apoorv/my_beginner_tutorials/src/beginner_tutorials/install/beginner_tutorials/share/beginner_tutorials/environment/pythonpath.dsv
-- Installing: /home/apoorv/my_beginner_tutorials/src/beginner_tutorials/install/beginner_tutorials/lib/python3.11/site-packages/beginner_tutorials-0.0.0-py3.11.egg-info
-- Installing: /home/apoorv/my_beginner_tutorials/src/beginner_tutorials/install/beginner_tutorials/lib/python3.11/site-packages/beginner_tutorials-0.0.0-py3.11.egg-info/dependency_links.txt
-- Installing: /home/apoorv/my_beginner_tutorials/src/beginner_tutorials/install/beginner_tutorials/lib/python3.11/site-packages/beginner_tutorials-0.0.0-py3.11.egg-info/PKG-INFO
-- Installing: /home/apoorv/my_beginner_tutorials/src/beginner_tutorials/install/beginner_tutorials/lib/python3.11/site-packages/beginner_tutorials-0.0.0-py3.11.egg-info/SOURCES.txt
-- Installing: /home/apoorv/my_beginner_tutorials/src/beginner_tutorials/install/beginner_tutorials/lib/python3.11/site-packages/beginner_tutorials-0.0.0-py3.11.egg-info/top_level.txt
-- Installing: /home/apoorv/my_beginner_tutorials/src/beginner_tutorials/install/beginner_tutorials/lib/python3.11/site-packages/beginner_tutorials
-- Installing: /home/apoorv/my_beginner_tutorials/src/beginner_tutorials/install/beginner_tutorials/lib/python3.11/site-packages/beginner_tutorials/_beginner_tutorials_s.ep.rosidl_typesupport_introspection_c.c
-- Installing: /home/apoorv/my_beginner_tutorials/src/beginner_tutorials/install/beginner_tutorials/lib/python3.11/site-packages/beginner_tutorials/beginner_tutorials_s__rosidl_typesupport_c.cpython-311-x86_64-linux-gnu.so
-- Installing: /home/apoorv/my_beginner_tutorials/src/beginner_tutorials/install/beginner_tutorials/lib/python3.11/site-packages/beginner_tutorials/_beginner_tutorials_s.ep.rosidl_typesupport_fastrtps_c.c
-- Installing: /home/apoorv/my_beginner_tutorials/src/beginner_tutorials/install/beginner_tutorials/lib/python3.11/site-packages/beginner_tutorials/_beginner_tutorials_s.ep.rosidl_typesupport_c.c
-- Installing: /home/apoorv/my_beginner_tutorials/src/beginner_tutorials/install/beginner_tutorials/lib/python3.11/site-packages/beginner_tutorials/srv
-- Installing: /home/apoorv/my_beginner_tutorials/src/beginner_tutorials/install/beginner_tutorials/lib/python3.11/site-packages/beginner_tutorials/srv/_change_output_string.py
-- Installing: /home/apoorv/my_beginner_tutorials/src/beginner_tutorials/install/beginner_tutorials/lib/python3.11/site-packages/beginner_tutorials/srv/_change_output_string_s.c
-- Installing: /home/apoorv/my_beginner_tutorials/src/beginner_tutorials/install/beginner_tutorials/lib/python3.11/site-packages/beginner_tutorials/srv/__init__.py
-- Installing: /home/apoorv/my_beginner_tutorials/src/beginner_tutorials/install/beginner_tutorials/lib/python3.11/site-packages/beginner_tutorials/libbeginner_tutorials__rosidl_generator_py.so
-- Installing: /home/apoorv/my_beginner_tutorials/src/beginner_tutorials/install/beginner_tutorials/lib/python3.11/site-packages/beginner_tutorials/__init__.py
-- Installing: /home/apoorv/my_beginner_tutorials/src/beginner_tutorials/install/beginner_tutorials/lib/python3.11/site-packages/beginner_tutorials/beginner_tutorials_s__rosidl_typesupport_fastrtps_c.cpython-311-x86_64-linux-gnu.so
-- Installing: /home/apoorv/my_beginner_tutorials/src/beginner_tutorials/install/beginner_tutorials/lib/python3.11/site-packages/beginner_tutorials/beginner_tutorials_s__rosidl_typesupport_introspection_c.cpython-311-x86_64-linux-gnu.so
Listing '/home/apoorv/my_beginner_tutorials/src/beginner_tutorials/install/beginner_tutorials/lib/python3.11/site-packages/beginner_tutorials'...
Compiling '/home/apoorv/my_beginner_tutorials/src/beginner_tutorials/install/beginner_tutorials/lib/python3.11/site-packages/beginner_tutorials/__init__.py'...
Listing '/home/apoorv/my_beginner_tutorials/src/beginner_tutorials/install/beginner_tutorials/lib/python3.11/site-packages/beginner_tutorials/srv'...
Compiling '/home/apoorv/my_beginner_tutorials/src/beginner_tutorials/install/beginner_tutorials/lib/python3.11/site-packages/beginner_tutorials/srv/__init__.py'...
Compiling '/home/apoorv/my_beginner_tutorials/src/beginner_tutorials/install/beginner_tutorials/lib/python3.11/site-packages/beginner_tutorials/srv/_change_output_string.py'...
-- Installing: /home/apoorv/my_beginner_tutorials/src/beginner_tutorials/install/beginner_tutorials/lib/python3.11/site-packages/beginner_tutorials/beginner_tutorials_s__rosidl_typesupport_fastrtps_c.cpython-311-x86_64-linux-gnu.so
-- Set runtime path of "/home/apoorv/my_beginner_tutorials/src/beginner_tutorials/install/beginner_tutorials/lib/python3.11/site-packages/beginner_tutorials/beginner_tutorials_s__rosidl_typesupport_fastrtps_c.cpython-311-x86_64-linux-gnu.so" to ""
-- Installing: /home/apoorv/my_beginner_tutorials/src/beginner_tutorials/install/beginner_tutorials/lib/python3.11/site-packages/beginner_tutorials/beginner_tutorials_s__rosidl_typesupport_introspection_c.cpython-311-x86_64-linux-gnu.so
-- Set runtime path of "/home/apoorv/my_beginner_tutorials/src/beginner_tutorials/install/beginner_tutorials/lib/python3.11/site-packages/beginner_tutorials/beginner_tutorials_s__rosidl_typesupport_introspection_c.cpython-311-x86_64-linux-gnu.so" to ""
-- Installing: /home/apoorv/my_beginner_tutorials/src/beginner_tutorials/install/beginner_tutorials/lib/python3.11/site-packages/beginner_tutorials/beginner_tutorials_s__rosidl_typesupport_c.cpython-311-x86_64-linux-gnu.so
-- Set runtime path of "/home/apoorv/my_beginner_tutorials/src/beginner_tutorials/install/beginner_tutorials/lib/python3.11/site-packages/beginner_tutorials/beginner_tutorials_s__rosidl_typesupport_c.cpython-311-x86_64-linux-gnu.so" to ""
-- Installing: /home/apoorv/my_beginner_tutorials/src/beginner_tutorials/install/beginner_tutorials/lib/libbeginner_tutorials__rosidl_generator_py.so
-- Set runtime path of "/home/apoorv/my_beginner_tutorials/src/beginner_tutorials/install/beginner_tutorials/lib/libbeginner_tutorials__rosidl_generator_py.so" to ""
-- Installing: /home/apoorv/my_beginner_tutorials/src/beginner_tutorials/install/beginner_tutorials/share/beginner_tutorials/srv/ChangeOutputString.idl
-- Installing: /home/apoorv/my_beginner_tutorials/src/beginner_tutorials/install/beginner_tutorials/share/beginner_tutorials/srv/ChangeOutputString.srv
-- Installing: /home/apoorv/my_beginner_tutorials/src/beginner_tutorials/install/beginner_tutorials/share/beginner_tutorials/srv/ChangeOutputString_Request.msg
-- Installing: /home/apoorv/my_beginner_tutorials/src/beginner_tutorials/install/beginner_tutorials/share/beginner_tutorials/srv/ChangeOutputString_Response.msg
-- Installing: /home/apoorv/my_beginner_tutorials/src/beginner_tutorials/install/beginner_tutorials/lib/beginner_tutorials/talker
-- Set runtime path of "/home/apoorv/my_beginner_tutorials/src/beginner_tutorials/install/beginner_tutorials/lib/beginner_tutorials/talker" to ""
-- Installing: /home/apoorv/my_beginner_tutorials/src/beginner_tutorials/install/beginner_tutorials/lib/beginner_tutorials/listener
-- Set runtime path of "/home/apoorv/my_beginner_tutorials/src/beginner_tutorials/install/beginner_tutorials/lib/beginner_tutorials/listener" to ""
-- Installing: /home/apoorv/my_beginner_tutorials/src/beginner_tutorials/install/beginner_tutorials/share/beginner_tutorials/launch
-- Installing: /home/apoorv/my_beginner_tutorials/src/beginner_tutorials/install/beginner_tutorials/share/ament_index/resource_index/package_run_dependencies/beginner_tutorials
-- Installing: /home/apoorv/my_beginner_tutorials/src/beginner_tutorials/install/beginner_tutorials/share/ament_index/resource_index/parent_prefix_path/beginner_tutorials
-- Installing: /home/apoorv/my_beginner_tutorials/src/beginner_tutorials/install/beginner_tutorials/share/beginner_tutorials/environment/ament_prefix_path.sh
-- Installing: /home/apoorv/my_beginner_tutorials/src/beginner_tutorials/install/beginner_tutorials/share/beginner_tutorials/environment/ament_prefix_path.dsv
-- Installing: /home/apoorv/my_beginner_tutorials/src/beginner_tutorials/install/beginner_tutorials/share/beginner_tutorials/environment/path.sh
-- Installing: /home/apoorv/my_beginner_tutorials/src/beginner_tutorials/install/beginner_tutorials/share/beginner_tutorials/environment/path.dsv
-- Installing: /home/apoorv/my_beginner_tutorials/src/beginner_tutorials/install/beginner_tutorials/share/beginner_tutorials/local_setup.bash
-- Installing: /home/apoorv/my_beginner_tutorials/src/beginner_tutorials/install/beginner_tutorials/share/beginner_tutorials/local_setup.sh
-- Installing: /home/apoorv/my_beginner_tutorials/src/beginner_tutorials/install/beginner_tutorials/share/beginner_tutorials/local_setup.zsh
-- Installing: /home/apoorv/my_beginner_tutorials/src/beginner_tutorials/install/beginner_tutorials/share/beginner_tutorials/local_setup.dsv
-- Installing: /home/apoorv/my_beginner_tutorials/src/beginner_tutorials/install/beginner_tutorials/share/beginner_tutorials/package.dsv
-- Installing: /home/apoorv/my_beginner_tutorials/src/beginner_tutorials/install/beginner_tutorials/share/ament_index/resource_index/packages/beginner_tutorials
-- Installing: /home/apoorv/my_beginner_tutorials/src/beginner_tutorials/install/beginner_tutorials/share/beginner_tutorials/cmake/export_beginner_tutorials__rosidl_generator_cExport.cmake
-- Installing: /home/apoorv/my_beginner_tutorials/src/beginner_tutorials/install/beginner_tutorials/share/beginner_tutorials/cmake/export_beginner_tutorials__rosidl_generator_cExport-noconfig.cmake
-- Installing: /home/apoorv/my_beginner_tutorials/src/beginner_tutorials/install/beginner_tutorials/share/beginner_tutorials/cmake/export_beginner_tutorials__rosidl_typesupport_fastrtps_cExport.cmake
-- Installing: /home/apoorv/my_beginner_tutorials/src/beginner_tutorials/install/beginner_tutorials/share/beginner_tutorials/cmake/export_beginner_tutorials__rosidl_typesupport_fastrtps_cExport-noconfig.cmake
-- Installing: /home/apoorv/my_beginner_tutorials/src/beginner_tutorials/install/beginner_tutorials/share/beginner_tutorials/cmake/export_beginner_tutorials__rosidl_generator_cppExport.cmake
-- Installing: /home/apoorv/my_beginner_tutorials/src/beginner_tutorials/install/beginner_tutorials/share/beginner_tutorials/cmake/export_beginner_tutorials__rosidl_typesupport_fastrtps_cppExport.cmake
-- Installing: /home/apoorv/my_beginner_tutorials/src/beginner_tutorials/install/beginner_tutorials/share/beginner_tutorials/cmake/export_beginner_tutorials__rosidl_typesupport_fastrtps_cppExport-noconfig.cmake
-- Installing: /home/apoorv/my_beginner_tutorials/src/beginner_tutorials/install/beginner_tutorials/share/beginner_tutorials/cmake/beginner_tutorials__rosidl_typesupport_introspection_cExport.cmake
-- Installing: /home/apoorv/my_beginner_tutorials/src/beginner_tutorials/install/beginner_tutorials/share/beginner_tutorials/cmake/beginner_tutorials__rosidl_typesupport_introspection_cExport-noconfig.cmake
-- Installing: /home/apoorv/my_beginner_tutorials/src/beginner_tutorials/install/beginner_tutorials/share/beginner_tutorials/cmake/beginner_tutorials__rosidl_typesupport_cExport.cmake
-- Installing: /home/apoorv/my_beginner_tutorials/src/beginner_tutorials/install/beginner_tutorials/share/beginner_tutorials/cmake/beginner_tutorials__rosidl_typesupport_cExport-noconfig.cmake
-- Installing: /home/apoorv/my_beginner_tutorials/src/beginner_tutorials/install/beginner_tutorials/share/beginner_tutorials/cmake/beginner_tutorials__rosidl_typesupport_introspection_cppExport.cmake
-- Installing: /home/apoorv/my_beginner_tutorials/src/beginner_tutorials/install/beginner_tutorials/share/beginner_tutorials/cmake/beginner_tutorials__rosidl_typesupport_introspection_cppExport-noconfig.cmake
-- Installing: /home/apoorv/my_beginner_tutorials/src/beginner_tutorials/install/beginner_tutorials/share/beginner_tutorials/cmake/beginner_tutorials__rosidl_typesupport_cppExport.cmake
-- Installing: /home/apoorv/my_beginner_tutorials/src/beginner_tutorials/install/beginner_tutorials/share/beginner_tutorials/cmake/beginner_tutorials__rosidl_typesupport_cppExport-noconfig.cmake
-- Installing: /home/apoorv/my_beginner_tutorials/src/beginner_tutorials/install/beginner_tutorials/share/beginner_tutorials/cmake/export_beginner_tutorials__rosidl_generator_pyExport.cmake
-- Installing: /home/apoorv/my_beginner_tutorials/src/beginner_tutorials/install/beginner_tutorials/share/beginner_tutorials/cmake/export_beginner_tutorials__rosidl_generator_pyExport-noconfig.cmake
-- Installing: /home/apoorv/my_beginner_tutorials/src/beginner_tutorials/install/beginner_tutorials/share/beginner_tutorials/cmake/rosidl_cmake-extras.cmake
-- Installing: /home/apoorv/my_beginner_tutorials/src/beginner_tutorials/install/beginner_tutorials/share/beginner_tutorials/cmake/ament_cmake_export_dependencies-extras.cmake
-- Installing: /home/apoorv/my_beginner_tutorials/src/beginner_tutorials/install/beginner_tutorials/share/beginner_tutorials/cmake/ament_cmake_export_include_directories-extras.cmake
-- Installing: /home/apoorv/my_beginner_tutorials/src/beginner_tutorials/install/beginner_tutorials/share/beginner_tutorials/cmake/ament_cmake_export_libraries-extras.cmake
-- Installing: /home/apoorv/my_beginner_tutorials/src/beginner_tutorials/install/beginner_tutorials/share/beginner_tutorials/cmake/ament_cmake_export_targets-extras.cmake
-- Installing: /home/apoorv/my_beginner_tutorials/src/beginner_tutorials/install/beginner_tutorials/share/beginner_tutorials/cmake/rosidl_cmake_export_typesupport_targets-extras.cmake
-- Installing: /home/apoorv/my_beginner_tutorials/src/beginner_tutorials/install/beginner_tutorials/share/beginner_tutorials/cmake/rosidl_cmake_export_typesupport_libraries-extras.cmake
-- Installing: /home/apoorv/my_beginner_tutorials/src/beginner_tutorials/install/beginner_tutorials/share/beginner_tutorials/cmake/beginner_tutorialsConfig.cmake
-- Installing: /home/apoorv/my_beginner_tutorials/src/beginner_tutorials/install/beginner_tutorials/share/beginner_tutorials/cmake/beginner_tutorialsConfig-version.cmake
-- Installing: /home/apoorv/my_beginner_tutorials/src/beginner_tutorials/install/beginner_tutorials/share/beginner_tutorials/package.xml
