[0.013s] Invoking command in '/home/apoorv/my_beginner_tutorials/src/beginner_tutorials/build/beginner_tutorials': CMAKE_PREFIX_PATH=${CMAKE_PREFIX_PATH}:/opt/ros/humble CONDA_PROMPT_MODIFIER=(slam_env) /usr/bin/cmake /home/apoorv/my_beginner_tutorials/src/beginner_tutorials -DCMAKE_INSTALL_PREFIX=/home/apoorv/my_beginner_tutorials/src/beginner_tutorials/install/beginner_tutorials
[0.085s] -- The C compiler identification is GNU 11.4.0
[0.144s] -- The CXX compiler identification is GNU 11.4.0
[0.155s] -- Detecting C compiler ABI info
[0.227s] -- Detecting C compiler ABI info - done
[0.236s] -- Check for working C compiler: /usr/bin/cc - skipped
[0.236s] -- Detecting C compile features
[0.237s] -- Detecting C compile features - done
[0.240s] -- Detecting CXX compiler ABI info
[0.323s] -- Detecting CXX compiler ABI info - done
[0.332s] -- Check for working CXX compiler: /usr/bin/c++ - skipped
[0.332s] -- Detecting CXX compile features
[0.333s] -- Detecting CXX compile features - done
[0.345s] -- Found ament_cmake: 1.3.10 (/opt/ros/humble/share/ament_cmake/cmake)
[0.596s] -- Found Python3: /home/apoorv/miniconda3/envs/slam_env/bin/python3 (found version "3.11.6") found components: Interpreter 
[0.671s] -- Found rclcpp: 16.0.10 (/opt/ros/humble/share/rclcpp/cmake)
[0.704s] -- Found rosidl_generator_c: 3.1.5 (/opt/ros/humble/share/rosidl_generator_c/cmake)
[0.706s] -- Found rosidl_adapter: 3.1.5 (/opt/ros/humble/share/rosidl_adapter/cmake)
[0.710s] -- Found rosidl_generator_cpp: 3.1.5 (/opt/ros/humble/share/rosidl_generator_cpp/cmake)
[0.715s] -- Using all available rosidl_typesupport_c: rosidl_typesupport_fastrtps_c;rosidl_typesupport_introspection_c
[0.723s] -- Using all available rosidl_typesupport_cpp: rosidl_typesupport_fastrtps_cpp;rosidl_typesupport_introspection_cpp
[0.743s] -- Found rmw_implementation_cmake: 6.1.2 (/opt/ros/humble/share/rmw_implementation_cmake/cmake)
[0.744s] -- Found rmw_fastrtps_cpp: 6.2.7 (/opt/ros/humble/share/rmw_fastrtps_cpp/cmake)
[0.847s] -- Found OpenSSL: /usr/lib/x86_64-linux-gnu/libcrypto.so (found version "3.0.2")  
[0.874s] -- Found FastRTPS: /opt/ros/humble/include  
[0.901s] -- Using RMW implementation 'rmw_fastrtps_cpp' as default
[0.910s] -- Looking for pthread.h
[1.000s] -- Looking for pthread.h - found
[1.001s] -- Performing Test CMAKE_HAVE_LIBC_PTHREAD
[1.081s] -- Performing Test CMAKE_HAVE_LIBC_PTHREAD - Success
[1.082s] -- Found Threads: TRUE  
[1.115s] -- Found rosidl_default_generators: 1.2.0 (/opt/ros/humble/share/rosidl_default_generators/cmake)
[1.318s] -- Found ament_cmake_ros: 0.10.0 (/opt/ros/humble/share/ament_cmake_ros/cmake)
[1.591s] -- Using all available rosidl_typesupport_c: rosidl_typesupport_fastrtps_c;rosidl_typesupport_introspection_c
[1.714s] -- Using all available rosidl_typesupport_cpp: rosidl_typesupport_fastrtps_cpp;rosidl_typesupport_introspection_cpp
[1.726s] -- Found PythonInterp: /home/apoorv/miniconda3/envs/slam_env/bin/python3 (found suitable version "3.11.6", minimum required is "3.6") 
[1.728s] -- Found python_cmake_module: 0.10.0 (/opt/ros/humble/share/python_cmake_module/cmake)
[1.743s] -- Found PythonLibs: /home/apoorv/miniconda3/envs/slam_env/lib/libpython3.11.so (found suitable version "3.11.6", minimum required is "3.5") 
[1.743s] -- Using PYTHON_EXECUTABLE: /home/apoorv/miniconda3/envs/slam_env/bin/python3
[1.743s] -- Using PYTHON_INCLUDE_DIRS: /home/apoorv/miniconda3/envs/slam_env/include/python3.11
[1.743s] -- Using PYTHON_LIBRARIES: /home/apoorv/miniconda3/envs/slam_env/lib/libpython3.11.so
[1.754s] -- Found PythonExtra: .so  
[1.893s] -- Using numpy include directory: /home/apoorv/miniconda3/envs/slam_env/lib/python3.11/site-packages/numpy/_core/include
[1.899s] -- Found ament_lint_auto: 0.12.11 (/opt/ros/humble/share/ament_lint_auto/cmake)
[1.913s] -- Added test 'cppcheck' to perform static code analysis on C / C++ code
[1.913s] -- Configured cppcheck include dirs: $<BUILD_INTERFACE:/home/apoorv/my_beginner_tutorials/src/beginner_tutorials/build/beginner_tutorials/rosidl_generator_c>;$<BUILD_INTERFACE:/home/apoorv/my_beginner_tutorials/src/beginner_tutorials/build/beginner_tutorials/rosidl_typesupport_fastrtps_c>;$<BUILD_INTERFACE:/home/apoorv/my_beginner_tutorials/src/beginner_tutorials/build/beginner_tutorials/rosidl_generator_cpp>;$<BUILD_INTERFACE:/home/apoorv/my_beginner_tutorials/src/beginner_tutorials/build/beginner_tutorials/rosidl_typesupport_fastrtps_cpp>;$<BUILD_INTERFACE:/home/apoorv/my_beginner_tutorials/src/beginner_tutorials/build/beginner_tutorials/rosidl_typesupport_introspection_c>;$<BUILD_INTERFACE:/home/apoorv/my_beginner_tutorials/src/beginner_tutorials/build/beginner_tutorials/rosidl_typesupport_introspection_cpp>;/home/apoorv/my_beginner_tutorials/src/beginner_tutorials/build/beginner_tutorials/rosidl_generator_c;/home/apoorv/my_beginner_tutorials/src/beginner_tutorials/build/beginner_tutorials/rosidl_generator_py
[1.913s] -- Configured cppcheck exclude dirs and/or files: 
[1.914s] -- Added test 'flake8' to check Python code syntax and style conventions
[1.915s] -- Added test 'lint_cmake' to check CMake code style
[1.916s] -- Added test 'pep257' to check Python code against some of the docstring style conventions in PEP 257
[1.920s] -- Added test 'uncrustify' to check C / C++ code style
[1.920s] -- Configured uncrustify additional arguments: 
[1.921s] -- Added test 'xmllint' to check XML markup files
[1.922s] -- Configuring done
[1.945s] -- Generating done
[1.946s] -- Build files have been written to: /home/apoorv/my_beginner_tutorials/src/beginner_tutorials/build/beginner_tutorials
[1.955s] Invoked command in '/home/apoorv/my_beginner_tutorials/src/beginner_tutorials/build/beginner_tutorials' returned '0': CMAKE_PREFIX_PATH=${CMAKE_PREFIX_PATH}:/opt/ros/humble CONDA_PROMPT_MODIFIER=(slam_env) /usr/bin/cmake /home/apoorv/my_beginner_tutorials/src/beginner_tutorials -DCMAKE_INSTALL_PREFIX=/home/apoorv/my_beginner_tutorials/src/beginner_tutorials/install/beginner_tutorials
[1.959s] Invoking command in '/home/apoorv/my_beginner_tutorials/src/beginner_tutorials/build/beginner_tutorials': CMAKE_PREFIX_PATH=${CMAKE_PREFIX_PATH}:/opt/ros/humble CONDA_PROMPT_MODIFIER=(slam_env) /usr/bin/cmake --build /home/apoorv/my_beginner_tutorials/src/beginner_tutorials/build/beginner_tutorials -- -j21 -l21
[1.995s] [  2%] [34m[1mGenerating C code for ROS interfaces[0m
[2.003s] [  5%] [34m[1mGenerating C++ code for ROS interfaces[0m
[2.011s] [  5%] Built target ament_cmake_python_copy_beginner_tutorials
[2.142s] [  5%] Built target beginner_tutorials__cpp
[2.152s] [  8%] [34m[1mGenerating C++ type support dispatch for ROS interfaces[0m
[2.154s] [ 11%] [34m[1mGenerating C++ type support for eProsima Fast-RTPS[0m
[2.157s] [ 14%] [34m[1mGenerating C++ introspection for ROS interfaces[0m
[2.157s] running egg_info
[2.158s] creating beginner_tutorials.egg-info
[2.163s] writing beginner_tutorials.egg-info/PKG-INFO
[2.163s] writing dependency_links to beginner_tutorials.egg-info/dependency_links.txt
[2.163s] writing top-level names to beginner_tutorials.egg-info/top_level.txt
[2.163s] writing manifest file 'beginner_tutorials.egg-info/SOURCES.txt'
[2.170s] [ 17%] [32mBuilding C object CMakeFiles/beginner_tutorials__rosidl_generator_c.dir/rosidl_generator_c/beginner_tutorials/srv/detail/change_output_string__functions.c.o[0m
[2.181s] reading manifest file 'beginner_tutorials.egg-info/SOURCES.txt'
[2.181s] writing manifest file 'beginner_tutorials.egg-info/SOURCES.txt'
[2.208s] [ 17%] Built target ament_cmake_python_build_beginner_tutorials_egg
[2.216s] [ 20%] [32m[1mLinking C shared library libbeginner_tutorials__rosidl_generator_c.so[0m
[2.244s] [ 20%] Built target beginner_tutorials__rosidl_generator_c
[2.252s] [ 22%] [34m[1mGenerating C type support for eProsima Fast-RTPS[0m
[2.253s] [ 25%] [34m[1mGenerating C introspection for ROS interfaces[0m
[2.253s] [ 28%] [34m[1mGenerating C type support dispatch for ROS interfaces[0m
[2.294s] [ 31%] [32mBuilding CXX object CMakeFiles/beginner_tutorials__rosidl_typesupport_cpp.dir/rosidl_typesupport_cpp/beginner_tutorials/srv/change_output_string__type_support.cpp.o[0m
[2.338s] [ 34%] [32mBuilding CXX object CMakeFiles/beginner_tutorials__rosidl_typesupport_fastrtps_cpp.dir/rosidl_typesupport_fastrtps_cpp/beginner_tutorials/srv/detail/dds_fastrtps/change_output_string__type_support.cpp.o[0m
[2.339s] [ 37%] [32mBuilding CXX object CMakeFiles/beginner_tutorials__rosidl_typesupport_introspection_cpp.dir/rosidl_typesupport_introspection_cpp/beginner_tutorials/srv/detail/change_output_string__type_support.cpp.o[0m
[2.418s] [ 40%] [32mBuilding CXX object CMakeFiles/beginner_tutorials__rosidl_typesupport_c.dir/rosidl_typesupport_c/beginner_tutorials/srv/change_output_string__type_support.cpp.o[0m
[2.435s] [ 42%] [32mBuilding CXX object CMakeFiles/beginner_tutorials__rosidl_typesupport_fastrtps_c.dir/rosidl_typesupport_fastrtps_c/beginner_tutorials/srv/detail/change_output_string__type_support_c.cpp.o[0m
[2.451s] [ 45%] [32m[1mLinking CXX shared library libbeginner_tutorials__rosidl_typesupport_c.so[0m
[2.451s] [ 48%] [32mBuilding C object CMakeFiles/beginner_tutorials__rosidl_typesupport_introspection_c.dir/rosidl_typesupport_introspection_c/beginner_tutorials/srv/detail/change_output_string__type_support.c.o[0m
[2.463s] [ 51%] [32m[1mLinking CXX shared library libbeginner_tutorials__rosidl_typesupport_cpp.so[0m
[2.485s] [ 54%] [32m[1mLinking C shared library libbeginner_tutorials__rosidl_typesupport_introspection_c.so[0m
[2.485s] [ 54%] Built target beginner_tutorials__rosidl_typesupport_c
[2.502s] [ 54%] Built target beginner_tutorials__rosidl_typesupport_cpp
[2.512s] [ 54%] Built target beginner_tutorials__rosidl_typesupport_introspection_c
[2.522s] [ 60%] [32mBuilding CXX object CMakeFiles/talker.dir/src/publisher_function.cpp.o[0m
[2.522s] [ 60%] [32mBuilding CXX object CMakeFiles/listener.dir/src/subscriber_function.cpp.o[0m
[2.578s] [ 62%] [32m[1mLinking CXX shared library libbeginner_tutorials__rosidl_typesupport_introspection_cpp.so[0m
[2.602s] [ 65%] [32m[1mLinking CXX shared library libbeginner_tutorials__rosidl_typesupport_fastrtps_cpp.so[0m
[2.639s] [ 65%] Built target beginner_tutorials__rosidl_typesupport_introspection_cpp
[2.653s] [ 68%] [32m[1mLinking CXX shared library libbeginner_tutorials__rosidl_typesupport_fastrtps_c.so[0m
[2.663s] [ 68%] Built target beginner_tutorials__rosidl_typesupport_fastrtps_cpp
[2.710s] [ 68%] Built target beginner_tutorials__rosidl_typesupport_fastrtps_c
[2.731s] [ 68%] Built target beginner_tutorials
[2.750s] [ 71%] [34m[1mGenerating Python code for ROS interfaces[0m
[2.945s] [ 71%] Built target beginner_tutorials__py
[2.968s] [ 74%] [32mBuilding C object CMakeFiles/beginner_tutorials__rosidl_generator_py.dir/rosidl_generator_py/beginner_tutorials/srv/_change_output_string_s.c.o[0m
[3.049s] [ 77%] [32m[1mLinking C shared library rosidl_generator_py/beginner_tutorials/libbeginner_tutorials__rosidl_generator_py.so[0m
[3.106s] [ 77%] Built target beginner_tutorials__rosidl_generator_py
[3.130s] [ 80%] [32mBuilding C object CMakeFiles/beginner_tutorials__rosidl_typesupport_introspection_c__pyext.dir/rosidl_generator_py/beginner_tutorials/_beginner_tutorials_s.ep.rosidl_typesupport_introspection_c.c.o[0m
[3.130s] [ 82%] [32mBuilding C object CMakeFiles/beginner_tutorials__rosidl_typesupport_c__pyext.dir/rosidl_generator_py/beginner_tutorials/_beginner_tutorials_s.ep.rosidl_typesupport_c.c.o[0m
[3.137s] [ 85%] [32mBuilding C object CMakeFiles/beginner_tutorials__rosidl_typesupport_fastrtps_c__pyext.dir/rosidl_generator_py/beginner_tutorials/_beginner_tutorials_s.ep.rosidl_typesupport_fastrtps_c.c.o[0m
[3.214s] [ 88%] [32m[1mLinking C shared library rosidl_generator_py/beginner_tutorials/beginner_tutorials_s__rosidl_typesupport_c.cpython-311-x86_64-linux-gnu.so[0m
[3.215s] [ 91%] [32m[1mLinking C shared library rosidl_generator_py/beginner_tutorials/beginner_tutorials_s__rosidl_typesupport_fastrtps_c.cpython-311-x86_64-linux-gnu.so[0m
[3.219s] [ 94%] [32m[1mLinking C shared library rosidl_generator_py/beginner_tutorials/beginner_tutorials_s__rosidl_typesupport_introspection_c.cpython-311-x86_64-linux-gnu.so[0m
[3.251s] [ 94%] Built target beginner_tutorials__rosidl_typesupport_fastrtps_c__pyext
[3.252s] [ 94%] Built target beginner_tutorials__rosidl_typesupport_c__pyext
[3.252s] [ 94%] Built target beginner_tutorials__rosidl_typesupport_introspection_c__pyext
[5.429s] [ 97%] [32m[1mLinking CXX executable talker[0m
[5.577s] [ 97%] Built target talker
[7.586s] [100%] [32m[1mLinking CXX executable listener[0m
[7.814s] [100%] Built target listener
[7.828s] Invoked command in '/home/apoorv/my_beginner_tutorials/src/beginner_tutorials/build/beginner_tutorials' returned '0': CMAKE_PREFIX_PATH=${CMAKE_PREFIX_PATH}:/opt/ros/humble CONDA_PROMPT_MODIFIER=(slam_env) /usr/bin/cmake --build /home/apoorv/my_beginner_tutorials/src/beginner_tutorials/build/beginner_tutorials -- -j21 -l21
[7.896s] Invoking command in '/home/apoorv/my_beginner_tutorials/src/beginner_tutorials/build/beginner_tutorials': CMAKE_PREFIX_PATH=${CMAKE_PREFIX_PATH}:/opt/ros/humble CONDA_PROMPT_MODIFIER=(slam_env) /usr/bin/cmake --install /home/apoorv/my_beginner_tutorials/src/beginner_tutorials/build/beginner_tutorials
[7.903s] -- Install configuration: ""
[7.904s] -- Installing: /home/apoorv/my_beginner_tutorials/src/beginner_tutorials/install/beginner_tutorials/share/ament_index/resource_index/rosidl_interfaces/beginner_tutorials
[7.904s] -- Installing: /home/apoorv/my_beginner_tutorials/src/beginner_tutorials/install/beginner_tutorials/include/beginner_tutorials/beginner_tutorials
[7.904s] -- Installing: /home/apoorv/my_beginner_tutorials/src/beginner_tutorials/install/beginner_tutorials/include/beginner_tutorials/beginner_tutorials/msg
[7.904s] -- Installing: /home/apoorv/my_beginner_tutorials/src/beginner_tutorials/install/beginner_tutorials/include/beginner_tutorials/beginner_tutorials/msg/rosidl_generator_c__visibility_control.h
[7.904s] -- Installing: /home/apoorv/my_beginner_tutorials/src/beginner_tutorials/install/beginner_tutorials/include/beginner_tutorials/beginner_tutorials/srv
[7.904s] -- Installing: /home/apoorv/my_beginner_tutorials/src/beginner_tutorials/install/beginner_tutorials/include/beginner_tutorials/beginner_tutorials/srv/change_output_string.h
[7.904s] -- Installing: /home/apoorv/my_beginner_tutorials/src/beginner_tutorials/install/beginner_tutorials/include/beginner_tutorials/beginner_tutorials/srv/detail
[7.904s] -- Installing: /home/apoorv/my_beginner_tutorials/src/beginner_tutorials/install/beginner_tutorials/include/beginner_tutorials/beginner_tutorials/srv/detail/change_output_string__type_support.h
[7.905s] -- Installing: /home/apoorv/my_beginner_tutorials/src/beginner_tutorials/install/beginner_tutorials/include/beginner_tutorials/beginner_tutorials/srv/detail/change_output_string__functions.c
[7.905s] -- Installing: /home/apoorv/my_beginner_tutorials/src/beginner_tutorials/install/beginner_tutorials/include/beginner_tutorials/beginner_tutorials/srv/detail/change_output_string__struct.h
[7.905s] -- Installing: /home/apoorv/my_beginner_tutorials/src/beginner_tutorials/install/beginner_tutorials/include/beginner_tutorials/beginner_tutorials/srv/detail/change_output_string__functions.h
[7.905s] -- Installing: /home/apoorv/my_beginner_tutorials/src/beginner_tutorials/install/beginner_tutorials/share/beginner_tutorials/environment/library_path.sh
[7.905s] -- Installing: /home/apoorv/my_beginner_tutorials/src/beginner_tutorials/install/beginner_tutorials/share/beginner_tutorials/environment/library_path.dsv
[7.906s] -- Installing: /home/apoorv/my_beginner_tutorials/src/beginner_tutorials/install/beginner_tutorials/lib/libbeginner_tutorials__rosidl_generator_c.so
[7.906s] -- Set runtime path of "/home/apoorv/my_beginner_tutorials/src/beginner_tutorials/install/beginner_tutorials/lib/libbeginner_tutorials__rosidl_generator_c.so" to ""
[7.906s] -- Up-to-date: /home/apoorv/my_beginner_tutorials/src/beginner_tutorials/install/beginner_tutorials/include/beginner_tutorials/beginner_tutorials
[7.906s] -- Up-to-date: /home/apoorv/my_beginner_tutorials/src/beginner_tutorials/install/beginner_tutorials/include/beginner_tutorials/beginner_tutorials/msg
[7.906s] -- Installing: /home/apoorv/my_beginner_tutorials/src/beginner_tutorials/install/beginner_tutorials/include/beginner_tutorials/beginner_tutorials/msg/rosidl_typesupport_fastrtps_c__visibility_control.h
[7.906s] -- Up-to-date: /home/apoorv/my_beginner_tutorials/src/beginner_tutorials/install/beginner_tutorials/include/beginner_tutorials/beginner_tutorials/srv
[7.906s] -- Up-to-date: /home/apoorv/my_beginner_tutorials/src/beginner_tutorials/install/beginner_tutorials/include/beginner_tutorials/beginner_tutorials/srv/detail
[7.906s] -- Installing: /home/apoorv/my_beginner_tutorials/src/beginner_tutorials/install/beginner_tutorials/include/beginner_tutorials/beginner_tutorials/srv/detail/change_output_string__rosidl_typesupport_fastrtps_c.h
[7.906s] -- Installing: /home/apoorv/my_beginner_tutorials/src/beginner_tutorials/install/beginner_tutorials/lib/libbeginner_tutorials__rosidl_typesupport_fastrtps_c.so
[7.907s] -- Set runtime path of "/home/apoorv/my_beginner_tutorials/src/beginner_tutorials/install/beginner_tutorials/lib/libbeginner_tutorials__rosidl_typesupport_fastrtps_c.so" to ""
[7.907s] -- Up-to-date: /home/apoorv/my_beginner_tutorials/src/beginner_tutorials/install/beginner_tutorials/include/beginner_tutorials/beginner_tutorials
[7.907s] -- Up-to-date: /home/apoorv/my_beginner_tutorials/src/beginner_tutorials/install/beginner_tutorials/include/beginner_tutorials/beginner_tutorials/srv
[7.907s] -- Installing: /home/apoorv/my_beginner_tutorials/src/beginner_tutorials/install/beginner_tutorials/include/beginner_tutorials/beginner_tutorials/srv/change_output_string.hpp
[7.907s] -- Up-to-date: /home/apoorv/my_beginner_tutorials/src/beginner_tutorials/install/beginner_tutorials/include/beginner_tutorials/beginner_tutorials/srv/detail
[7.907s] -- Installing: /home/apoorv/my_beginner_tutorials/src/beginner_tutorials/install/beginner_tutorials/include/beginner_tutorials/beginner_tutorials/srv/detail/change_output_string__traits.hpp
[7.907s] -- Installing: /home/apoorv/my_beginner_tutorials/src/beginner_tutorials/install/beginner_tutorials/include/beginner_tutorials/beginner_tutorials/srv/detail/change_output_string__builder.hpp
[7.907s] -- Installing: /home/apoorv/my_beginner_tutorials/src/beginner_tutorials/install/beginner_tutorials/include/beginner_tutorials/beginner_tutorials/srv/detail/change_output_string__struct.hpp
[7.907s] -- Up-to-date: /home/apoorv/my_beginner_tutorials/src/beginner_tutorials/install/beginner_tutorials/include/beginner_tutorials/beginner_tutorials
[7.907s] -- Up-to-date: /home/apoorv/my_beginner_tutorials/src/beginner_tutorials/install/beginner_tutorials/include/beginner_tutorials/beginner_tutorials/msg
[7.907s] -- Installing: /home/apoorv/my_beginner_tutorials/src/beginner_tutorials/install/beginner_tutorials/include/beginner_tutorials/beginner_tutorials/msg/rosidl_typesupport_fastrtps_cpp__visibility_control.h
[7.908s] -- Up-to-date: /home/apoorv/my_beginner_tutorials/src/beginner_tutorials/install/beginner_tutorials/include/beginner_tutorials/beginner_tutorials/srv
[7.908s] -- Up-to-date: /home/apoorv/my_beginner_tutorials/src/beginner_tutorials/install/beginner_tutorials/include/beginner_tutorials/beginner_tutorials/srv/detail
[7.908s] -- Installing: /home/apoorv/my_beginner_tutorials/src/beginner_tutorials/install/beginner_tutorials/include/beginner_tutorials/beginner_tutorials/srv/detail/change_output_string__rosidl_typesupport_fastrtps_cpp.hpp
[7.908s] -- Installing: /home/apoorv/my_beginner_tutorials/src/beginner_tutorials/install/beginner_tutorials/include/beginner_tutorials/beginner_tutorials/srv/detail/dds_fastrtps
[7.908s] -- Installing: /home/apoorv/my_beginner_tutorials/src/beginner_tutorials/install/beginner_tutorials/lib/libbeginner_tutorials__rosidl_typesupport_fastrtps_cpp.so
[7.908s] -- Set runtime path of "/home/apoorv/my_beginner_tutorials/src/beginner_tutorials/install/beginner_tutorials/lib/libbeginner_tutorials__rosidl_typesupport_fastrtps_cpp.so" to ""
[7.908s] -- Up-to-date: /home/apoorv/my_beginner_tutorials/src/beginner_tutorials/install/beginner_tutorials/include/beginner_tutorials/beginner_tutorials
[7.908s] -- Up-to-date: /home/apoorv/my_beginner_tutorials/src/beginner_tutorials/install/beginner_tutorials/include/beginner_tutorials/beginner_tutorials/msg
[7.908s] -- Installing: /home/apoorv/my_beginner_tutorials/src/beginner_tutorials/install/beginner_tutorials/include/beginner_tutorials/beginner_tutorials/msg/rosidl_typesupport_introspection_c__visibility_control.h
[7.908s] -- Up-to-date: /home/apoorv/my_beginner_tutorials/src/beginner_tutorials/install/beginner_tutorials/include/beginner_tutorials/beginner_tutorials/srv
[7.908s] -- Up-to-date: /home/apoorv/my_beginner_tutorials/src/beginner_tutorials/install/beginner_tutorials/include/beginner_tutorials/beginner_tutorials/srv/detail
[7.909s] -- Installing: /home/apoorv/my_beginner_tutorials/src/beginner_tutorials/install/beginner_tutorials/include/beginner_tutorials/beginner_tutorials/srv/detail/change_output_string__type_support.c
[7.909s] -- Installing: /home/apoorv/my_beginner_tutorials/src/beginner_tutorials/install/beginner_tutorials/include/beginner_tutorials/beginner_tutorials/srv/detail/change_output_string__rosidl_typesupport_introspection_c.h
[7.909s] -- Installing: /home/apoorv/my_beginner_tutorials/src/beginner_tutorials/install/beginner_tutorials/lib/libbeginner_tutorials__rosidl_typesupport_introspection_c.so
[7.909s] -- Set runtime path of "/home/apoorv/my_beginner_tutorials/src/beginner_tutorials/install/beginner_tutorials/lib/libbeginner_tutorials__rosidl_typesupport_introspection_c.so" to ""
[7.909s] -- Installing: /home/apoorv/my_beginner_tutorials/src/beginner_tutorials/install/beginner_tutorials/lib/libbeginner_tutorials__rosidl_typesupport_c.so
[7.909s] -- Set runtime path of "/home/apoorv/my_beginner_tutorials/src/beginner_tutorials/install/beginner_tutorials/lib/libbeginner_tutorials__rosidl_typesupport_c.so" to ""
[7.909s] -- Up-to-date: /home/apoorv/my_beginner_tutorials/src/beginner_tutorials/install/beginner_tutorials/include/beginner_tutorials/beginner_tutorials
[7.909s] -- Up-to-date: /home/apoorv/my_beginner_tutorials/src/beginner_tutorials/install/beginner_tutorials/include/beginner_tutorials/beginner_tutorials/srv
[7.909s] -- Up-to-date: /home/apoorv/my_beginner_tutorials/src/beginner_tutorials/install/beginner_tutorials/include/beginner_tutorials/beginner_tutorials/srv/detail
[7.909s] -- Installing: /home/apoorv/my_beginner_tutorials/src/beginner_tutorials/install/beginner_tutorials/include/beginner_tutorials/beginner_tutorials/srv/detail/change_output_string__rosidl_typesupport_introspection_cpp.hpp
[7.909s] -- Installing: /home/apoorv/my_beginner_tutorials/src/beginner_tutorials/install/beginner_tutorials/include/beginner_tutorials/beginner_tutorials/srv/detail/change_output_string__type_support.cpp
[7.909s] -- Installing: /home/apoorv/my_beginner_tutorials/src/beginner_tutorials/install/beginner_tutorials/lib/libbeginner_tutorials__rosidl_typesupport_introspection_cpp.so
[7.909s] -- Set runtime path of "/home/apoorv/my_beginner_tutorials/src/beginner_tutorials/install/beginner_tutorials/lib/libbeginner_tutorials__rosidl_typesupport_introspection_cpp.so" to ""
[7.909s] -- Installing: /home/apoorv/my_beginner_tutorials/src/beginner_tutorials/install/beginner_tutorials/lib/libbeginner_tutorials__rosidl_typesupport_cpp.so
[7.909s] -- Set runtime path of "/home/apoorv/my_beginner_tutorials/src/beginner_tutorials/install/beginner_tutorials/lib/libbeginner_tutorials__rosidl_typesupport_cpp.so" to ""
[7.909s] -- Installing: /home/apoorv/my_beginner_tutorials/src/beginner_tutorials/install/beginner_tutorials/share/beginner_tutorials/environment/pythonpath.sh
[7.910s] -- Installing: /home/apoorv/my_beginner_tutorials/src/beginner_tutorials/install/beginner_tutorials/share/beginner_tutorials/environment/pythonpath.dsv
[7.910s] -- Installing: /home/apoorv/my_beginner_tutorials/src/beginner_tutorials/install/beginner_tutorials/lib/python3.11/site-packages/beginner_tutorials-0.0.0-py3.11.egg-info
[7.910s] -- Installing: /home/apoorv/my_beginner_tutorials/src/beginner_tutorials/install/beginner_tutorials/lib/python3.11/site-packages/beginner_tutorials-0.0.0-py3.11.egg-info/dependency_links.txt
[7.910s] -- Installing: /home/apoorv/my_beginner_tutorials/src/beginner_tutorials/install/beginner_tutorials/lib/python3.11/site-packages/beginner_tutorials-0.0.0-py3.11.egg-info/PKG-INFO
[7.910s] -- Installing: /home/apoorv/my_beginner_tutorials/src/beginner_tutorials/install/beginner_tutorials/lib/python3.11/site-packages/beginner_tutorials-0.0.0-py3.11.egg-info/SOURCES.txt
[7.910s] -- Installing: /home/apoorv/my_beginner_tutorials/src/beginner_tutorials/install/beginner_tutorials/lib/python3.11/site-packages/beginner_tutorials-0.0.0-py3.11.egg-info/top_level.txt
[7.910s] -- Installing: /home/apoorv/my_beginner_tutorials/src/beginner_tutorials/install/beginner_tutorials/lib/python3.11/site-packages/beginner_tutorials
[7.910s] -- Installing: /home/apoorv/my_beginner_tutorials/src/beginner_tutorials/install/beginner_tutorials/lib/python3.11/site-packages/beginner_tutorials/_beginner_tutorials_s.ep.rosidl_typesupport_introspection_c.c
[7.910s] -- Installing: /home/apoorv/my_beginner_tutorials/src/beginner_tutorials/install/beginner_tutorials/lib/python3.11/site-packages/beginner_tutorials/beginner_tutorials_s__rosidl_typesupport_c.cpython-311-x86_64-linux-gnu.so
[7.910s] -- Installing: /home/apoorv/my_beginner_tutorials/src/beginner_tutorials/install/beginner_tutorials/lib/python3.11/site-packages/beginner_tutorials/_beginner_tutorials_s.ep.rosidl_typesupport_fastrtps_c.c
[7.910s] -- Installing: /home/apoorv/my_beginner_tutorials/src/beginner_tutorials/install/beginner_tutorials/lib/python3.11/site-packages/beginner_tutorials/_beginner_tutorials_s.ep.rosidl_typesupport_c.c
[7.910s] -- Installing: /home/apoorv/my_beginner_tutorials/src/beginner_tutorials/install/beginner_tutorials/lib/python3.11/site-packages/beginner_tutorials/srv
[7.910s] -- Installing: /home/apoorv/my_beginner_tutorials/src/beginner_tutorials/install/beginner_tutorials/lib/python3.11/site-packages/beginner_tutorials/srv/_change_output_string.py
[7.910s] -- Installing: /home/apoorv/my_beginner_tutorials/src/beginner_tutorials/install/beginner_tutorials/lib/python3.11/site-packages/beginner_tutorials/srv/_change_output_string_s.c
[7.911s] -- Installing: /home/apoorv/my_beginner_tutorials/src/beginner_tutorials/install/beginner_tutorials/lib/python3.11/site-packages/beginner_tutorials/srv/__init__.py
[7.911s] -- Installing: /home/apoorv/my_beginner_tutorials/src/beginner_tutorials/install/beginner_tutorials/lib/python3.11/site-packages/beginner_tutorials/libbeginner_tutorials__rosidl_generator_py.so
[7.911s] -- Installing: /home/apoorv/my_beginner_tutorials/src/beginner_tutorials/install/beginner_tutorials/lib/python3.11/site-packages/beginner_tutorials/__init__.py
[7.911s] -- Installing: /home/apoorv/my_beginner_tutorials/src/beginner_tutorials/install/beginner_tutorials/lib/python3.11/site-packages/beginner_tutorials/beginner_tutorials_s__rosidl_typesupport_fastrtps_c.cpython-311-x86_64-linux-gnu.so
[7.911s] -- Installing: /home/apoorv/my_beginner_tutorials/src/beginner_tutorials/install/beginner_tutorials/lib/python3.11/site-packages/beginner_tutorials/beginner_tutorials_s__rosidl_typesupport_introspection_c.cpython-311-x86_64-linux-gnu.so
[7.933s] Listing '/home/apoorv/my_beginner_tutorials/src/beginner_tutorials/install/beginner_tutorials/lib/python3.11/site-packages/beginner_tutorials'...
[7.933s] Compiling '/home/apoorv/my_beginner_tutorials/src/beginner_tutorials/install/beginner_tutorials/lib/python3.11/site-packages/beginner_tutorials/__init__.py'...
[7.933s] Listing '/home/apoorv/my_beginner_tutorials/src/beginner_tutorials/install/beginner_tutorials/lib/python3.11/site-packages/beginner_tutorials/srv'...
[7.933s] Compiling '/home/apoorv/my_beginner_tutorials/src/beginner_tutorials/install/beginner_tutorials/lib/python3.11/site-packages/beginner_tutorials/srv/__init__.py'...
[7.933s] Compiling '/home/apoorv/my_beginner_tutorials/src/beginner_tutorials/install/beginner_tutorials/lib/python3.11/site-packages/beginner_tutorials/srv/_change_output_string.py'...
[7.936s] -- Installing: /home/apoorv/my_beginner_tutorials/src/beginner_tutorials/install/beginner_tutorials/lib/python3.11/site-packages/beginner_tutorials/beginner_tutorials_s__rosidl_typesupport_fastrtps_c.cpython-311-x86_64-linux-gnu.so
[7.936s] -- Set runtime path of "/home/apoorv/my_beginner_tutorials/src/beginner_tutorials/install/beginner_tutorials/lib/python3.11/site-packages/beginner_tutorials/beginner_tutorials_s__rosidl_typesupport_fastrtps_c.cpython-311-x86_64-linux-gnu.so" to ""
[7.936s] -- Installing: /home/apoorv/my_beginner_tutorials/src/beginner_tutorials/install/beginner_tutorials/lib/python3.11/site-packages/beginner_tutorials/beginner_tutorials_s__rosidl_typesupport_introspection_c.cpython-311-x86_64-linux-gnu.so
[7.936s] -- Set runtime path of "/home/apoorv/my_beginner_tutorials/src/beginner_tutorials/install/beginner_tutorials/lib/python3.11/site-packages/beginner_tutorials/beginner_tutorials_s__rosidl_typesupport_introspection_c.cpython-311-x86_64-linux-gnu.so" to ""
[7.937s] -- Installing: /home/apoorv/my_beginner_tutorials/src/beginner_tutorials/install/beginner_tutorials/lib/python3.11/site-packages/beginner_tutorials/beginner_tutorials_s__rosidl_typesupport_c.cpython-311-x86_64-linux-gnu.so
[7.937s] -- Set runtime path of "/home/apoorv/my_beginner_tutorials/src/beginner_tutorials/install/beginner_tutorials/lib/python3.11/site-packages/beginner_tutorials/beginner_tutorials_s__rosidl_typesupport_c.cpython-311-x86_64-linux-gnu.so" to ""
[7.937s] -- Installing: /home/apoorv/my_beginner_tutorials/src/beginner_tutorials/install/beginner_tutorials/lib/libbeginner_tutorials__rosidl_generator_py.so
[7.937s] -- Set runtime path of "/home/apoorv/my_beginner_tutorials/src/beginner_tutorials/install/beginner_tutorials/lib/libbeginner_tutorials__rosidl_generator_py.so" to ""
[7.937s] -- Installing: /home/apoorv/my_beginner_tutorials/src/beginner_tutorials/install/beginner_tutorials/share/beginner_tutorials/srv/ChangeOutputString.idl
[7.938s] -- Installing: /home/apoorv/my_beginner_tutorials/src/beginner_tutorials/install/beginner_tutorials/share/beginner_tutorials/srv/ChangeOutputString.srv
[7.938s] -- Installing: /home/apoorv/my_beginner_tutorials/src/beginner_tutorials/install/beginner_tutorials/share/beginner_tutorials/srv/ChangeOutputString_Request.msg
[7.938s] -- Installing: /home/apoorv/my_beginner_tutorials/src/beginner_tutorials/install/beginner_tutorials/share/beginner_tutorials/srv/ChangeOutputString_Response.msg
[7.938s] -- Installing: /home/apoorv/my_beginner_tutorials/src/beginner_tutorials/install/beginner_tutorials/lib/beginner_tutorials/talker
[7.939s] -- Set runtime path of "/home/apoorv/my_beginner_tutorials/src/beginner_tutorials/install/beginner_tutorials/lib/beginner_tutorials/talker" to ""
[7.939s] -- Installing: /home/apoorv/my_beginner_tutorials/src/beginner_tutorials/install/beginner_tutorials/lib/beginner_tutorials/listener
[7.943s] -- Set runtime path of "/home/apoorv/my_beginner_tutorials/src/beginner_tutorials/install/beginner_tutorials/lib/beginner_tutorials/listener" to ""
[7.943s] -- Installing: /home/apoorv/my_beginner_tutorials/src/beginner_tutorials/install/beginner_tutorials/share/beginner_tutorials/launch
[7.943s] -- Installing: /home/apoorv/my_beginner_tutorials/src/beginner_tutorials/install/beginner_tutorials/share/ament_index/resource_index/package_run_dependencies/beginner_tutorials
[7.943s] -- Installing: /home/apoorv/my_beginner_tutorials/src/beginner_tutorials/install/beginner_tutorials/share/ament_index/resource_index/parent_prefix_path/beginner_tutorials
[7.943s] -- Installing: /home/apoorv/my_beginner_tutorials/src/beginner_tutorials/install/beginner_tutorials/share/beginner_tutorials/environment/ament_prefix_path.sh
[7.944s] -- Installing: /home/apoorv/my_beginner_tutorials/src/beginner_tutorials/install/beginner_tutorials/share/beginner_tutorials/environment/ament_prefix_path.dsv
[7.944s] -- Installing: /home/apoorv/my_beginner_tutorials/src/beginner_tutorials/install/beginner_tutorials/share/beginner_tutorials/environment/path.sh
[7.944s] -- Installing: /home/apoorv/my_beginner_tutorials/src/beginner_tutorials/install/beginner_tutorials/share/beginner_tutorials/environment/path.dsv
[7.944s] -- Installing: /home/apoorv/my_beginner_tutorials/src/beginner_tutorials/install/beginner_tutorials/share/beginner_tutorials/local_setup.bash
[7.944s] -- Installing: /home/apoorv/my_beginner_tutorials/src/beginner_tutorials/install/beginner_tutorials/share/beginner_tutorials/local_setup.sh
[7.944s] -- Installing: /home/apoorv/my_beginner_tutorials/src/beginner_tutorials/install/beginner_tutorials/share/beginner_tutorials/local_setup.zsh
[7.944s] -- Installing: /home/apoorv/my_beginner_tutorials/src/beginner_tutorials/install/beginner_tutorials/share/beginner_tutorials/local_setup.dsv
[7.944s] -- Installing: /home/apoorv/my_beginner_tutorials/src/beginner_tutorials/install/beginner_tutorials/share/beginner_tutorials/package.dsv
[7.945s] -- Installing: /home/apoorv/my_beginner_tutorials/src/beginner_tutorials/install/beginner_tutorials/share/ament_index/resource_index/packages/beginner_tutorials
[7.945s] -- Installing: /home/apoorv/my_beginner_tutorials/src/beginner_tutorials/install/beginner_tutorials/share/beginner_tutorials/cmake/export_beginner_tutorials__rosidl_generator_cExport.cmake
[7.945s] -- Installing: /home/apoorv/my_beginner_tutorials/src/beginner_tutorials/install/beginner_tutorials/share/beginner_tutorials/cmake/export_beginner_tutorials__rosidl_generator_cExport-noconfig.cmake
[7.945s] -- Installing: /home/apoorv/my_beginner_tutorials/src/beginner_tutorials/install/beginner_tutorials/share/beginner_tutorials/cmake/export_beginner_tutorials__rosidl_typesupport_fastrtps_cExport.cmake
[7.945s] -- Installing: /home/apoorv/my_beginner_tutorials/src/beginner_tutorials/install/beginner_tutorials/share/beginner_tutorials/cmake/export_beginner_tutorials__rosidl_typesupport_fastrtps_cExport-noconfig.cmake
[7.945s] -- Installing: /home/apoorv/my_beginner_tutorials/src/beginner_tutorials/install/beginner_tutorials/share/beginner_tutorials/cmake/export_beginner_tutorials__rosidl_generator_cppExport.cmake
[7.945s] -- Installing: /home/apoorv/my_beginner_tutorials/src/beginner_tutorials/install/beginner_tutorials/share/beginner_tutorials/cmake/export_beginner_tutorials__rosidl_typesupport_fastrtps_cppExport.cmake
[7.945s] -- Installing: /home/apoorv/my_beginner_tutorials/src/beginner_tutorials/install/beginner_tutorials/share/beginner_tutorials/cmake/export_beginner_tutorials__rosidl_typesupport_fastrtps_cppExport-noconfig.cmake
[7.945s] -- Installing: /home/apoorv/my_beginner_tutorials/src/beginner_tutorials/install/beginner_tutorials/share/beginner_tutorials/cmake/beginner_tutorials__rosidl_typesupport_introspection_cExport.cmake
[7.946s] -- Installing: /home/apoorv/my_beginner_tutorials/src/beginner_tutorials/install/beginner_tutorials/share/beginner_tutorials/cmake/beginner_tutorials__rosidl_typesupport_introspection_cExport-noconfig.cmake
[7.946s] -- Installing: /home/apoorv/my_beginner_tutorials/src/beginner_tutorials/install/beginner_tutorials/share/beginner_tutorials/cmake/beginner_tutorials__rosidl_typesupport_cExport.cmake
[7.946s] -- Installing: /home/apoorv/my_beginner_tutorials/src/beginner_tutorials/install/beginner_tutorials/share/beginner_tutorials/cmake/beginner_tutorials__rosidl_typesupport_cExport-noconfig.cmake
[7.946s] -- Installing: /home/apoorv/my_beginner_tutorials/src/beginner_tutorials/install/beginner_tutorials/share/beginner_tutorials/cmake/beginner_tutorials__rosidl_typesupport_introspection_cppExport.cmake
[7.946s] -- Installing: /home/apoorv/my_beginner_tutorials/src/beginner_tutorials/install/beginner_tutorials/share/beginner_tutorials/cmake/beginner_tutorials__rosidl_typesupport_introspection_cppExport-noconfig.cmake
[7.946s] -- Installing: /home/apoorv/my_beginner_tutorials/src/beginner_tutorials/install/beginner_tutorials/share/beginner_tutorials/cmake/beginner_tutorials__rosidl_typesupport_cppExport.cmake
[7.946s] -- Installing: /home/apoorv/my_beginner_tutorials/src/beginner_tutorials/install/beginner_tutorials/share/beginner_tutorials/cmake/beginner_tutorials__rosidl_typesupport_cppExport-noconfig.cmake
[7.946s] -- Installing: /home/apoorv/my_beginner_tutorials/src/beginner_tutorials/install/beginner_tutorials/share/beginner_tutorials/cmake/export_beginner_tutorials__rosidl_generator_pyExport.cmake
[7.946s] -- Installing: /home/apoorv/my_beginner_tutorials/src/beginner_tutorials/install/beginner_tutorials/share/beginner_tutorials/cmake/export_beginner_tutorials__rosidl_generator_pyExport-noconfig.cmake
[7.946s] -- Installing: /home/apoorv/my_beginner_tutorials/src/beginner_tutorials/install/beginner_tutorials/share/beginner_tutorials/cmake/rosidl_cmake-extras.cmake
[7.947s] -- Installing: /home/apoorv/my_beginner_tutorials/src/beginner_tutorials/install/beginner_tutorials/share/beginner_tutorials/cmake/ament_cmake_export_dependencies-extras.cmake
[7.947s] -- Installing: /home/apoorv/my_beginner_tutorials/src/beginner_tutorials/install/beginner_tutorials/share/beginner_tutorials/cmake/ament_cmake_export_include_directories-extras.cmake
[7.947s] -- Installing: /home/apoorv/my_beginner_tutorials/src/beginner_tutorials/install/beginner_tutorials/share/beginner_tutorials/cmake/ament_cmake_export_libraries-extras.cmake
[7.947s] -- Installing: /home/apoorv/my_beginner_tutorials/src/beginner_tutorials/install/beginner_tutorials/share/beginner_tutorials/cmake/ament_cmake_export_targets-extras.cmake
[7.947s] -- Installing: /home/apoorv/my_beginner_tutorials/src/beginner_tutorials/install/beginner_tutorials/share/beginner_tutorials/cmake/rosidl_cmake_export_typesupport_targets-extras.cmake
[7.947s] -- Installing: /home/apoorv/my_beginner_tutorials/src/beginner_tutorials/install/beginner_tutorials/share/beginner_tutorials/cmake/rosidl_cmake_export_typesupport_libraries-extras.cmake
[7.947s] -- Installing: /home/apoorv/my_beginner_tutorials/src/beginner_tutorials/install/beginner_tutorials/share/beginner_tutorials/cmake/beginner_tutorialsConfig.cmake
[7.947s] -- Installing: /home/apoorv/my_beginner_tutorials/src/beginner_tutorials/install/beginner_tutorials/share/beginner_tutorials/cmake/beginner_tutorialsConfig-version.cmake
[7.947s] -- Installing: /home/apoorv/my_beginner_tutorials/src/beginner_tutorials/install/beginner_tutorials/share/beginner_tutorials/package.xml
[7.950s] Invoked command in '/home/apoorv/my_beginner_tutorials/src/beginner_tutorials/build/beginner_tutorials' returned '0': CMAKE_PREFIX_PATH=${CMAKE_PREFIX_PATH}:/opt/ros/humble CONDA_PROMPT_MODIFIER=(slam_env) /usr/bin/cmake --install /home/apoorv/my_beginner_tutorials/src/beginner_tutorials/build/beginner_tutorials
